#
# A fatal error has been detected by the Java Runtime Environment:
#
#  SIGSEGV (0xb) at pc=0x00007fff8a33e8b5, pid=10130, tid=37379
#
# JRE version: Java(TM) SE Runtime Environment (7.0_12-b08) (build 1.7.0_12-ea-b08)
# Java VM: Java HotSpot(TM) 64-Bit Server VM (24.0-b28 mixed mode bsd-amd64 compressed oops)
# Problematic frame:
# C  [libGL.dylib+0x18b5]  glGetString+0xf
#
# Failed to write core dump. Core dumps have been disabled. To enable core dumping, try "ulimit -c unlimited" before starting Java again
#
# If you would like to submit a bug report, please visit:
#   http://bugreport.sun.com/bugreport/crash.jsp
# The crash happened outside the Java Virtual Machine in native code.
# See problematic frame for where to report the bug.
#

---------------  T H R E A D  ---------------

Current thread (0x00007fba4ba2e800):  JavaThread "Client" daemon [_thread_in_native, id=37379, stack(0x0000000171102000,0x0000000171202000)]

siginfo:si_signo=SIGSEGV: si_errno=0, si_code=1 (SEGV_MAPERR), si_addr=0x00000000000003b0

Registers:
RAX=0x0000000000001f02, RBX=0x00007fba4ba2e9d8, RCX=0x00007fff8a33e8a6, RDX=0x0000000000000000
RSP=0x0000000171201350, RBP=0x0000000171201350, RSI=0x00000001712013f0, RDI=0x0000000000001f02
R8 =0x00000000299d2770, R9 =0x0000cd5bf055faf1, R10=0x000000010745a70c, R11=0x0000000106b1f363
R12=0x0000000000000000, R13=0x000000010aba65f8, R14=0x0000000171201410, R15=0x00007fba4ba2e800
RIP=0x00007fff8a33e8b5, EFLAGS=0x0000000000010206, ERR=0x0000000000000004
  TRAPNO=0x000000000000000e

Top of Stack: (sp=0x0000000171201350)
0x0000000171201350:   0000000171201370 0000000170c9d540
0x0000000171201360:   0000cd5bf055faf1 000000010aba65f8
0x0000000171201370:   00000001712013e0 000000010745a738
0x0000000171201380:   00000001712013f0 000000010a6bb420
0x0000000171201390:   000000010ac6a558 000000010a6ba540
0x00000001712013a0:   00000001712013a0 0000000000000000
0x00000001712013b0:   0000000171201410 000000010abbaaf0
0x00000001712013c0:   0000000000000000 000000010aba65f8
0x00000001712013d0:   0000000000000000 0000000171201400
0x00000001712013e0:   0000000171201458 000000010744e233
0x00000001712013f0:   000000014cf48728 0000000107456cdb
0x0000000171201400:   00007fff8a33e8a6 00007fff8a33e8a6
0x0000000171201410:   0000000000001f02 0000000171201418
0x0000000171201420:   000000010aba64ef 0000000171201488
0x0000000171201430:   000000010abbaaf0 0000000000000000
0x0000000171201440:   000000010aba6538 0000000171201400
0x0000000171201450:   0000000171201488 00000001712014d0
0x0000000171201460:   000000010744e233 0000000000000000
0x0000000171201470:   00007fff8a33e8a6 0000000000000000
0x0000000171201480:   000000014a8f9da0 0000000000001f02
0x0000000171201490:   0000000171201490 000000010ab34723
0x00000001712014a0:   0000000171201548 000000010ab355f8
0x00000001712014b0:   0000000000000000 000000010ab34a30
0x00000001712014c0:   0000000171201488 0000000171201548
0x00000001712014d0:   0000000171201590 000000010744e1d4
0x00000001712014e0:   0000000000000000 0000000000000000
0x00000001712014f0:   0000000000000000 0000000000000000
0x0000000171201500:   0000000000000000 0000000000000000
0x0000000171201510:   0000000000000000 0000000000000000
0x0000000171201520:   0000000000000000 0000000000000000
0x0000000171201530:   0000000000000000 0000000000000000
0x0000000171201540:   0000000000000000 000000014a8fe548 

Instructions: (pc=0x00007fff8a33e8b5)
0x00007fff8a33e895:   00 48 8b 8a a8 03 00 00 48 8b 3a 48 89 c6 5d ff
0x00007fff8a33e8a5:   e1 55 48 89 e5 89 f8 65 48 8b 14 25 f0 00 00 00
0x00007fff8a33e8b5:   48 8b 8a b0 03 00 00 48 8b 3a 89 c6 5d ff e1 55
0x00007fff8a33e8c5:   48 89 e5 49 89 d0 89 f1 89 fa 65 48 8b 34 25 f0 

Register to memory mapping:

RAX=0x0000000000001f02 is an unknown value
RBX=0x00007fba4ba2e9d8 is an unknown value
RCX=0x00007fff8a33e8a6: glGetString+0 in /System/Library/Frameworks/OpenGL.framework/Versions/A/Libraries/libGL.dylib at 0x00007fff8a33d000
RDX=0x0000000000000000 is an unknown value
RSP=0x0000000171201350 is pointing into the stack for thread: 0x00007fba4ba2e800
RBP=0x0000000171201350 is pointing into the stack for thread: 0x00007fba4ba2e800
RSI=0x00000001712013f0 is pointing into the stack for thread: 0x00007fba4ba2e800
RDI=0x0000000000001f02 is an unknown value
R8 =0x00000000299d2770 is an unknown value
R9 =0x0000cd5bf055faf1 is an unknown value
R10=0x000000010745a70c is at code_begin+620 in an Interpreter codelet
method entry point (kind = native)  [0x000000010745a4a0, 0x000000010745ace0]  2112 bytes
R11=0x0000000106b1f363: throw_unsatisfied_link_error+0 in /Library/Java/JavaVirtualMachines/jdk1.7.0_12.jdk/Contents/Home/jre/lib/server/libjvm.dylib at 0x00000001066e5000
R12=0x0000000000000000 is an unknown value
R13=0x000000010aba65f8 is an oop
{method} 
 - klass: {other class}
R14=0x0000000171201410 is pointing into the stack for thread: 0x00007fba4ba2e800
R15=0x00007fba4ba2e800 is a thread


Stack: [0x0000000171102000,0x0000000171202000],  sp=0x0000000171201350,  free space=1020k
Native frames: (J=compiled Java code, j=interpreted, Vv=VM code, C=native code)
C  [libGL.dylib+0x18b5]  glGetString+0xf
C  [liblwjgl.jnilib+0x10540]  Java_org_lwjgl_opengl_GL11_nglGetString+0x10
j  org.lwjgl.opengl.GL11.nglGetString(IJ)Ljava/lang/String;+0
j  org.lwjgl.opengl.GL11.glGetString(I)Ljava/lang/String;+15
j  org.lwjgl.opengl.GLContext.getSupportedExtensions(Ljava/util/Set;)I+3
j  org.lwjgl.opengl.ContextCapabilities.initAllStubs(Z)Ljava/util/Set;+56
j  org.lwjgl.opengl.ContextCapabilities.<init>(Z)V+28
j  org.lwjgl.opengl.GLContext.useContext(Ljava/lang/Object;Z)V+56
j  org.lwjgl.opengl.GLContext.useContext(Ljava/lang/Object;)V+2
j  tda367.dominion.client.view.InGameState.init(Ljava/util/HashMap;Lorg/newdawn/slick/GameContainer;Lorg/newdawn/slick/state/StateBasedGame;)V+1
j  tda367.dominion.client.view.MainView.initInGameState(Ljava/util/HashMap;)V+28
j  tda367.dominion.client.controller.ClientController$NetworkListener.received(Lcom/esotericsoftware/kryonet/Connection;Ljava/lang/Object;)V+153
j  com.esotericsoftware.kryonet.Connection.notifyReceived(Ljava/lang/Object;)V+81
j  com.esotericsoftware.kryonet.Client.update(I)V+362
j  com.esotericsoftware.kryonet.Client.run()V+16
j  java.lang.Thread.run()V+11
v  ~StubRoutines::call_stub
V  [libjvm.dylib+0x2c24d0]  JavaCalls::call_helper(JavaValue*, methodHandle*, JavaCallArguments*, Thread*)+0x22a
V  [libjvm.dylib+0x2c29e5]  JavaCalls::call_virtual(JavaValue*, KlassHandle, Symbol*, Symbol*, JavaCallArguments*, Thread*)+0x119
V  [libjvm.dylib+0x2c2b22]  JavaCalls::call_virtual(JavaValue*, Handle, KlassHandle, Symbol*, Symbol*, Thread*)+0x4a
V  [libjvm.dylib+0x2f94d1]  thread_entry(JavaThread*, Thread*)+0xa9
V  [libjvm.dylib+0x4b6e51]  JavaThread::thread_main_inner()+0x9b
V  [libjvm.dylib+0x4b852b]  JavaThread::run()+0x1ab
V  [libjvm.dylib+0x3e8331]  java_start(Thread*)+0xad
C  [libsystem_c.dylib+0x147a2]  _pthread_start+0x147
C  [libsystem_c.dylib+0x11e1]  thread_start+0xd

Java frames: (J=compiled Java code, j=interpreted, Vv=VM code)
j  org.lwjgl.opengl.GL11.nglGetString(IJ)Ljava/lang/String;+0
j  org.lwjgl.opengl.GL11.glGetString(I)Ljava/lang/String;+15
j  org.lwjgl.opengl.GLContext.getSupportedExtensions(Ljava/util/Set;)I+3
j  org.lwjgl.opengl.ContextCapabilities.initAllStubs(Z)Ljava/util/Set;+56
j  org.lwjgl.opengl.ContextCapabilities.<init>(Z)V+28
j  org.lwjgl.opengl.GLContext.useContext(Ljava/lang/Object;Z)V+56
j  org.lwjgl.opengl.GLContext.useContext(Ljava/lang/Object;)V+2
j  tda367.dominion.client.view.InGameState.init(Ljava/util/HashMap;Lorg/newdawn/slick/GameContainer;Lorg/newdawn/slick/state/StateBasedGame;)V+1
j  tda367.dominion.client.view.MainView.initInGameState(Ljava/util/HashMap;)V+28
j  tda367.dominion.client.controller.ClientController$NetworkListener.received(Lcom/esotericsoftware/kryonet/Connection;Ljava/lang/Object;)V+153
j  com.esotericsoftware.kryonet.Connection.notifyReceived(Ljava/lang/Object;)V+81
j  com.esotericsoftware.kryonet.Client.update(I)V+362
j  com.esotericsoftware.kryonet.Client.run()V+16
j  java.lang.Thread.run()V+11
v  ~StubRoutines::call_stub

---------------  P R O C E S S  ---------------

Java Threads: ( => current thread )
  0x00007fba4b801000 JavaThread "DestroyJavaVM" [_thread_blocked, id=5891, stack(0x0000000107273000,0x0000000107373000)]
  0x00007fba4bb1f000 JavaThread "Java2D Queue Flusher" daemon [_thread_blocked, id=45063, stack(0x0000000171fec000,0x00000001720ec000)]
  0x00007fba4bae9000 JavaThread "Java2D Disposer" daemon [_thread_blocked, id=40211, stack(0x0000000171dd5000,0x0000000171ed5000)]
=>0x00007fba4ba2e800 JavaThread "Client" daemon [_thread_in_native, id=37379, stack(0x0000000171102000,0x0000000171202000)]
  0x00007fba4a8cb800 JavaThread "AppKit Thread" daemon [_thread_in_native, id=1799, stack(0x00007fff58e45000,0x00007fff59645000)]
  0x00007fba4a8b9800 JavaThread "Thread-0" [_thread_in_native, id=20739, stack(0x000000016cee3000,0x000000016cfe3000)]
  0x00007fba4b849000 JavaThread "Service Thread" daemon [_thread_blocked, id=20227, stack(0x000000016cc48000,0x000000016cd48000)]
  0x00007fba4b83e800 JavaThread "C2 CompilerThread1" daemon [_thread_blocked, id=19971, stack(0x000000016cb45000,0x000000016cc45000)]
  0x00007fba4b83f000 JavaThread "C2 CompilerThread0" daemon [_thread_blocked, id=19715, stack(0x000000016ca42000,0x000000016cb42000)]
  0x00007fba4b83d800 JavaThread "Signal Dispatcher" daemon [_thread_blocked, id=19459, stack(0x000000016c93f000,0x000000016ca3f000)]
  0x00007fba4a82a000 JavaThread "Finalizer" daemon [_thread_blocked, id=15107, stack(0x000000016c66d000,0x000000016c76d000)]
  0x00007fba4a823800 JavaThread "Reference Handler" daemon [_thread_blocked, id=14851, stack(0x000000016c56a000,0x000000016c66a000)]

Other Threads:
  0x00007fba4a823000 VMThread [stack: 0x000000016c467000,0x000000016c567000] [id=14595]
  0x00007fba4b851800 WatcherThread [stack: 0x000000016cd4b000,0x000000016ce4b000] [id=20483]

VM state:not at safepoint (normal execution)

VM Mutex/Monitor currently owned by a thread: None

Heap
 PSYoungGen      total 48896K, used 11528K [0x000000014a1d0000, 0x0000000150150000, 0x0000000167720000)
  eden space 45184K, 20% used [0x000000014a1d0000,0x000000014ab0a340,0x000000014cdf0000)
  from space 3712K, 56% used [0x000000014cdf0000,0x000000014cff8020,0x000000014d190000)
  to   space 3712K, 0% used [0x000000014fdb0000,0x000000014fdb0000,0x0000000150150000)
 ParOldGen       total 60096K, used 27245K [0x000000010f720000, 0x00000001131d0000, 0x000000014a1d0000)
  object space 60096K, 45% used [0x000000010f720000,0x00000001111bb750,0x00000001131d0000)
 PSPermGen       total 21248K, used 9959K [0x000000010a520000, 0x000000010b9e0000, 0x000000010f720000)
  object space 21248K, 46% used [0x000000010a520000,0x000000010aed9f28,0x000000010b9e0000)

Card table byte_map: [0x0000000167720000,0x0000000167a0a000] byte_map_base: 0x0000000166ecd700

Polling page: 0x00000001073b2000

Code Cache  [0x0000000107448000, 0x00000001076b8000, 0x000000010a448000)
 total_blobs=611 nmethods=153 adapters=412 free_code_cache=48252Kb largest_free_block=49377856

Compilation events (10 events):
Event: 13.694 Thread 0x00007fba4b83f000  149   
Event: 13.694 Thread 0x00007fba4b83e800  150   
Event: 13.743 Thread 0x00007fba4b83f000 nmethod 149 0x0000000107526210 code [0x0000000107526600, 0x0000000107527b20]
Event: 13.743 Thread 0x00007fba4b83e800 nmethod 150 0x000000010752a290 code [0x000000010752a660, 0x000000010752ba20]
Event: 13.744 Thread 0x00007fba4b83f000  151   
Event: 13.798 Thread 0x00007fba4b83f000 nmethod 151 0x000000010752db90 code [0x000000010752df40, 0x000000010752f2e0]
Event: 13.815 Thread 0x00007fba4b83e800  152   
Event: 13.816 Thread 0x00007fba4b83f000  153   
Event: 13.821 Thread 0x00007fba4b83e800 nmethod 152 0x000000010751dc90 code [0x000000010751dde0, 0x000000010751e058]
Event: 13.826 Thread 0x00007fba4b83f000 nmethod 153 0x000000010751bdd0 code [0x000000010751bf20, 0x000000010751c198]

GC Heap History (6 events):
Event: 2.681 GC heap before
{Heap before GC invocations=1 (full 0):
 PSYoungGen      total 26304K, used 22592K [0x000000014a1d0000, 0x000000014bf20000, 0x0000000167720000)
  eden space 22592K, 100% used [0x000000014a1d0000,0x000000014b7e0000,0x000000014b7e0000)
  from space 3712K, 0% used [0x000000014bb80000,0x000000014bb80000,0x000000014bf20000)
  to   space 3712K, 0% used [0x000000014b7e0000,0x000000014b7e0000,0x000000014bb80000)
 ParOldGen       total 60096K, used 0K [0x000000010f720000, 0x00000001131d0000, 0x000000014a1d0000)
  object space 60096K, 0% used [0x000000010f720000,0x000000010f720000,0x00000001131d0000)
 PSPermGen       total 21248K, used 8580K [0x000000010a520000, 0x000000010b9e0000, 0x000000010f720000)
  object space 21248K, 40% used [0x000000010a520000,0x000000010ad81380,0x000000010b9e0000)
Event: 2.710 GC heap after
Heap after GC invocations=1 (full 0):
 PSYoungGen      total 26304K, used 3361K [0x000000014a1d0000, 0x000000014d530000, 0x0000000167720000)
  eden space 22592K, 0% used [0x000000014a1d0000,0x000000014a1d0000,0x000000014b7e0000)
  from space 3712K, 90% used [0x000000014b7e0000,0x000000014bb28668,0x000000014bb80000)
  to   space 3712K, 0% used [0x000000014d190000,0x000000014d190000,0x000000014d530000)
 ParOldGen       total 60096K, used 4218K [0x000000010f720000, 0x00000001131d0000, 0x000000014a1d0000)
  object space 60096K, 7% used [0x000000010f720000,0x000000010fb3eb10,0x00000001131d0000)
 PSPermGen       total 21248K, used 8580K [0x000000010a520000, 0x000000010b9e0000, 0x000000010f720000)
  object space 21248K, 40% used [0x000000010a520000,0x000000010ad81380,0x000000010b9e0000)
}
Event: 3.452 GC heap before
{Heap before GC invocations=2 (full 0):
 PSYoungGen      total 26304K, used 25953K [0x000000014a1d0000, 0x000000014d530000, 0x0000000167720000)
  eden space 22592K, 100% used [0x000000014a1d0000,0x000000014b7e0000,0x000000014b7e0000)
  from space 3712K, 90% used [0x000000014b7e0000,0x000000014bb28668,0x000000014bb80000)
  to   space 3712K, 0% used [0x000000014d190000,0x000000014d190000,0x000000014d530000)
 ParOldGen       total 60096K, used 4218K [0x000000010f720000, 0x00000001131d0000, 0x000000014a1d0000)
  object space 60096K, 7% used [0x000000010f720000,0x000000010fb3eb10,0x00000001131d0000)
 PSPermGen       total 21248K, used 9679K [0x000000010a520000, 0x000000010b9e0000, 0x000000010f720000)
  object space 21248K, 45% used [0x000000010a520000,0x000000010ae93f60,0x000000010b9e0000)
Event: 3.496 GC heap after
Heap after GC invocations=2 (full 0):
 PSYoungGen      total 48896K, used 2050K [0x000000014a1d0000, 0x000000014d530000, 0x0000000167720000)
  eden space 45184K, 0% used [0x000000014a1d0000,0x000000014a1d0000,0x000000014cdf0000)
  from space 3712K, 55% used [0x000000014d190000,0x000000014d390900,0x000000014d530000)
  to   space 3712K, 0% used [0x000000014cdf0000,0x000000014cdf0000,0x000000014d190000)
 ParOldGen       total 60096K, used 27237K [0x000000010f720000, 0x00000001131d0000, 0x000000014a1d0000)
  object space 60096K, 45% used [0x000000010f720000,0x00000001111b9750,0x00000001131d0000)
 PSPermGen       total 21248K, used 9679K [0x000000010a520000, 0x000000010b9e0000, 0x000000010f720000)
  object space 21248K, 45% used [0x000000010a520000,0x000000010ae93f60,0x000000010b9e0000)
}
Event: 3.959 GC heap before
{Heap before GC invocations=3 (full 0):
 PSYoungGen      total 48896K, used 46414K [0x000000014a1d0000, 0x000000014d530000, 0x0000000167720000)
  eden space 45184K, 98% used [0x000000014a1d0000,0x000000014cd22f40,0x000000014cdf0000)
  from space 3712K, 55% used [0x000000014d190000,0x000000014d390900,0x000000014d530000)
  to   space 3712K, 0% used [0x000000014cdf0000,0x000000014cdf0000,0x000000014d190000)
 ParOldGen       total 60096K, used 27237K [0x000000010f720000, 0x00000001131d0000, 0x000000014a1d0000)
  object space 60096K, 45% used [0x000000010f720000,0x00000001111b9750,0x00000001131d0000)
 PSPermGen       total 21248K, used 9795K [0x000000010a520000, 0x000000010b9e0000, 0x000000010f720000)
  object space 21248K, 46% used [0x000000010a520000,0x000000010aeb0d60,0x000000010b9e0000)
Event: 3.969 GC heap after
Heap after GC invocations=3 (full 0):
 PSYoungGen      total 48896K, used 2080K [0x000000014a1d0000, 0x0000000150150000, 0x0000000167720000)
  eden space 45184K, 0% used [0x000000014a1d0000,0x000000014a1d0000,0x000000014cdf0000)
  from space 3712K, 56% used [0x000000014cdf0000,0x000000014cff8020,0x000000014d190000)
  to   space 3712K, 0% used [0x000000014fdb0000,0x000000014fdb0000,0x0000000150150000)
 ParOldGen       total 60096K, used 27245K [0x000000010f720000, 0x00000001131d0000, 0x000000014a1d0000)
  object space 60096K, 45% used [0x000000010f720000,0x00000001111bb750,0x00000001131d0000)
 PSPermGen       total 21248K, used 9795K [0x000000010a520000, 0x000000010b9e0000, 0x000000010f720000)
  object space 21248K, 46% used [0x000000010a520000,0x000000010aeb0d60,0x000000010b9e0000)
}

Deoptimization events (10 events):
Event: 13.902 Thread 0x00007fba4a8b9800 Uncommon trap -83 fr.pc 0x000000010750676c
Event: 13.902 Thread 0x00007fba4a8b9800 Uncommon trap -83 fr.pc 0x0000000107505d14
Event: 13.902 Thread 0x00007fba4a8b9800 Uncommon trap -83 fr.pc 0x00000001074f0d10
Event: 13.902 Thread 0x00007fba4a8b9800 Uncommon trap -83 fr.pc 0x00000001074aba28
Event: 13.902 Thread 0x00007fba4a8b9800 Uncommon trap -83 fr.pc 0x000000010751a614
Event: 13.903 Thread 0x00007fba4a8b9800 Uncommon trap -83 fr.pc 0x0000000107518f3c
Event: 13.903 Thread 0x00007fba4a8b9800 Uncommon trap -83 fr.pc 0x0000000107518b1c
Event: 13.903 Thread 0x00007fba4a8b9800 Uncommon trap -83 fr.pc 0x000000010751d0d0
Event: 13.903 Thread 0x00007fba4a8b9800 Uncommon trap -83 fr.pc 0x000000010752adf0
Event: 13.903 Thread 0x00007fba4a8b9800 Uncommon trap -83 fr.pc 0x000000010752e6c0

Internal exceptions (10 events):
Event: 8.215 Thread 0x00007fba4a8b9800 Threw 0x000000014a70ed78 at /HUDSON/workspace/jdk7u12-2-build-macosx-amd64-product/jdk7u12/hotspot/src/share/vm/prims/jvm.cpp:1171
Event: 8.223 Thread 0x00007fba4ba2e800 Threw 0x000000014a8d5820 at /HUDSON/workspace/jdk7u12-2-build-macosx-amd64-product/jdk7u12/hotspot/src/share/vm/prims/jvm.cpp:1171
Event: 8.223 Thread 0x00007fba4ba2e800 Threw 0x000000014a8d75a8 at /HUDSON/workspace/jdk7u12-2-build-macosx-amd64-product/jdk7u12/hotspot/src/share/vm/prims/jvm.cpp:1171
Event: 8.224 Thread 0x00007fba4ba2e800 Threw 0x000000014a8db4e0 at /HUDSON/workspace/jdk7u12-2-build-macosx-amd64-product/jdk7u12/hotspot/src/share/vm/prims/jvm.cpp:1171
Event: 13.883 Thread 0x00007fba4ba2e800 Threw 0x000000014a8dee40 at /HUDSON/workspace/jdk7u12-2-build-macosx-amd64-product/jdk7u12/hotspot/src/share/vm/prims/jvm.cpp:1171
Event: 13.883 Thread 0x00007fba4ba2e800 Threw 0x000000014a8e0bc8 at /HUDSON/workspace/jdk7u12-2-build-macosx-amd64-product/jdk7u12/hotspot/src/share/vm/prims/jvm.cpp:1171
Event: 13.884 Thread 0x00007fba4ba2e800 Threw 0x000000014a8e4f60 at /HUDSON/workspace/jdk7u12-2-build-macosx-amd64-product/jdk7u12/hotspot/src/share/vm/prims/jvm.cpp:1171
Event: 13.884 Thread 0x00007fba4ba2e800 Threw 0x000000014a8e6d48 at /HUDSON/workspace/jdk7u12-2-build-macosx-amd64-product/jdk7u12/hotspot/src/share/vm/prims/jvm.cpp:1171
Event: 13.884 Thread 0x00007fba4ba2e800 Threw 0x000000014a8ea988 at /HUDSON/workspace/jdk7u12-2-build-macosx-amd64-product/jdk7u12/hotspot/src/share/vm/runtime/reflection.
Event: 13.885 Thread 0x00007fba4ba2e800 Threw 0x000000014a8ed600 at /HUDSON/workspace/jdk7u12-2-build-macosx-amd64-product/jdk7u12/hotspot/src/share/vm/prims/jvm.cpp:1171

Events (10 events):
Event: 13.903 Thread 0x00007fba4a8b9800 DEOPT PACKING pc=0x0000000107518f3c sp=0x000000016cfe2600
Event: 13.903 Thread 0x00007fba4a8b9800 DEOPT UNPACKING pc=0x0000000107481045 sp=0x000000016cfe2498 mode 2
Event: 13.903 Thread 0x00007fba4a8b9800 DEOPT PACKING pc=0x0000000107518b1c sp=0x000000016cfe25a0
Event: 13.903 Thread 0x00007fba4a8b9800 DEOPT UNPACKING pc=0x0000000107481045 sp=0x000000016cfe2498 mode 2
Event: 13.903 Thread 0x00007fba4a8b9800 DEOPT PACKING pc=0x000000010751d0d0 sp=0x000000016cfe25c0
Event: 13.903 Thread 0x00007fba4a8b9800 DEOPT UNPACKING pc=0x0000000107481045 sp=0x000000016cfe24b8 mode 2
Event: 13.903 Thread 0x00007fba4a8b9800 DEOPT PACKING pc=0x000000010752adf0 sp=0x000000016cfe25e0
Event: 13.903 Thread 0x00007fba4a8b9800 DEOPT UNPACKING pc=0x0000000107481045 sp=0x000000016cfe2338 mode 2
Event: 13.903 Thread 0x00007fba4a8b9800 DEOPT PACKING pc=0x000000010752e6c0 sp=0x000000016cfe2560
Event: 13.903 Thread 0x00007fba4a8b9800 DEOPT UNPACKING pc=0x0000000107481045 sp=0x000000016cfe2338 mode 2


Dynamic libraries:
0x000000000767a000 	/System/Library/Frameworks/Cocoa.framework/Versions/A/Cocoa
0x000000000767a000 	/System/Library/Frameworks/Security.framework/Versions/A/Security
0x000000000767a000 	/System/Library/Frameworks/ApplicationServices.framework/Versions/A/ApplicationServices
0x000000000767a000 	/usr/lib/libz.1.dylib
0x000000000767a000 	/usr/lib/libSystem.B.dylib
0x000000000767a000 	/usr/lib/libobjc.A.dylib
0x000000000767a000 	/System/Library/Frameworks/CoreFoundation.framework/Versions/A/CoreFoundation
0x000000000767a000 	/System/Library/Frameworks/AppKit.framework/Versions/C/AppKit
0x000000000767a000 	/System/Library/Frameworks/CoreData.framework/Versions/A/CoreData
0x000000000767a000 	/System/Library/Frameworks/Foundation.framework/Versions/C/Foundation
0x000000000767a000 	/System/Library/PrivateFrameworks/RemoteViewServices.framework/Versions/A/RemoteViewServices
0x000000000767a000 	/System/Library/Frameworks/AudioToolbox.framework/Versions/A/AudioToolbox
0x000000000767a000 	/System/Library/Frameworks/AudioUnit.framework/Versions/A/AudioUnit
0x000000000767a000 	/System/Library/PrivateFrameworks/DataDetectorsCore.framework/Versions/A/DataDetectorsCore
0x000000000767a000 	/System/Library/PrivateFrameworks/DesktopServicesPriv.framework/Versions/A/DesktopServicesPriv
0x000000000767a000 	/System/Library/Frameworks/Carbon.framework/Versions/A/Frameworks/HIToolbox.framework/Versions/A/HIToolbox
0x000000000767a000 	/System/Library/Frameworks/QuartzCore.framework/Versions/A/QuartzCore
0x000000000767a000 	/System/Library/Frameworks/Carbon.framework/Versions/A/Frameworks/SpeechRecognition.framework/Versions/A/SpeechRecognition
0x000000000767a000 	/usr/lib/libauto.dylib
0x000000000767a000 	/usr/lib/libicucore.A.dylib
0x000000000767a000 	/usr/lib/libxml2.2.dylib
0x000000000767a000 	/System/Library/PrivateFrameworks/CoreUI.framework/Versions/A/CoreUI
0x000000000767a000 	/System/Library/Frameworks/CoreAudio.framework/Versions/A/CoreAudio
0x000000000767a000 	/System/Library/Frameworks/DiskArbitration.framework/Versions/A/DiskArbitration
0x000000000767a000 	/usr/lib/liblangid.dylib
0x000000000767a000 	/System/Library/PrivateFrameworks/MultitouchSupport.framework/Versions/A/MultitouchSupport
0x000000000767a000 	/System/Library/Frameworks/IOKit.framework/Versions/A/IOKit
0x000000000767a000 	/usr/lib/libDiagnosticMessagesClient.dylib
0x000000000767a000 	/System/Library/Frameworks/CoreServices.framework/Versions/A/CoreServices
0x000000000767a000 	/System/Library/PrivateFrameworks/PerformanceAnalysis.framework/Versions/A/PerformanceAnalysis
0x000000000767a000 	/System/Library/PrivateFrameworks/GenerationalStorage.framework/Versions/A/GenerationalStorage
0x000000000767a000 	/System/Library/Frameworks/OpenGL.framework/Versions/A/OpenGL
0x000000000767a000 	/System/Library/Frameworks/CoreText.framework/Versions/A/CoreText
0x000000000767a000 	/System/Library/Frameworks/ImageIO.framework/Versions/A/ImageIO
0x000000000767a000 	/System/Library/PrivateFrameworks/Backup.framework/Versions/A/Backup
0x000000000767a000 	/System/Library/Frameworks/CFNetwork.framework/Versions/A/CFNetwork
0x000000000767a000 	/System/Library/Frameworks/SystemConfiguration.framework/Versions/A/SystemConfiguration
0x000000000767a000 	/usr/lib/libCRFSuite.dylib
0x000000000767a000 	/System/Library/PrivateFrameworks/TCC.framework/Versions/A/TCC
0x000000000767a000 	/usr/lib/libc++.1.dylib
0x000000000767a000 	/usr/lib/libc++abi.dylib
0x000000000767a000 	/usr/lib/system/libcache.dylib
0x000000000767a000 	/usr/lib/system/libcommonCrypto.dylib
0x000000000767a000 	/usr/lib/system/libcompiler_rt.dylib
0x000000000767a000 	/usr/lib/system/libcopyfile.dylib
0x000000000767a000 	/usr/lib/system/libdispatch.dylib
0x000000000767a000 	/usr/lib/system/libdnsinfo.dylib
0x000000000767a000 	/usr/lib/system/libdyld.dylib
0x000000000767a000 	/usr/lib/system/libkeymgr.dylib
0x000000000767a000 	/usr/lib/system/liblaunch.dylib
0x000000000767a000 	/usr/lib/system/libmacho.dylib
0x000000000767a000 	/usr/lib/system/libquarantine.dylib
0x000000000767a000 	/usr/lib/system/libremovefile.dylib
0x000000000767a000 	/usr/lib/system/libsystem_blocks.dylib
0x000000000767a000 	/usr/lib/system/libsystem_c.dylib
0x000000000767a000 	/usr/lib/system/libsystem_dnssd.dylib
0x000000000767a000 	/usr/lib/system/libsystem_info.dylib
0x000000000767a000 	/usr/lib/system/libsystem_kernel.dylib
0x000000000767a000 	/usr/lib/system/libsystem_m.dylib
0x000000000767a000 	/usr/lib/system/libsystem_network.dylib
0x000000000767a000 	/usr/lib/system/libsystem_notify.dylib
0x000000000767a000 	/usr/lib/system/libsystem_sandbox.dylib
0x000000000767a000 	/usr/lib/system/libunc.dylib
0x000000000767a000 	/usr/lib/system/libunwind.dylib
0x000000000767a000 	/usr/lib/system/libxpc.dylib
0x000000000767a000 	/usr/lib/system/libcorecrypto.dylib
0x000000000767a000 	/usr/lib/libstdc++.6.dylib
0x000000000767a000 	/usr/lib/libbsm.0.dylib
0x000000000767a000 	/usr/lib/libsqlite3.dylib
0x000000000767a000 	/usr/lib/libxar.1.dylib
0x000000000767a000 	/usr/lib/libpam.2.dylib
0x000000000767a000 	/usr/lib/libOpenScriptingUtil.dylib
0x000000000767a000 	/usr/lib/libbz2.1.0.dylib
0x000000000767a000 	/System/Library/Frameworks/CoreServices.framework/Versions/A/Frameworks/CarbonCore.framework/Versions/A/CarbonCore
0x000000000767a000 	/System/Library/Frameworks/CoreServices.framework/Versions/A/Frameworks/Metadata.framework/Versions/A/Metadata
0x000000000767a000 	/System/Library/Frameworks/CoreServices.framework/Versions/A/Frameworks/OSServices.framework/Versions/A/OSServices
0x000000000767a000 	/System/Library/Frameworks/CoreServices.framework/Versions/A/Frameworks/SearchKit.framework/Versions/A/SearchKit
0x000000000767a000 	/System/Library/Frameworks/CoreServices.framework/Versions/A/Frameworks/AE.framework/Versions/A/AE
0x000000000767a000 	/System/Library/Frameworks/CoreServices.framework/Versions/A/Frameworks/LaunchServices.framework/Versions/A/LaunchServices
0x000000000767a000 	/System/Library/Frameworks/CoreServices.framework/Versions/A/Frameworks/DictionaryServices.framework/Versions/A/DictionaryServices
0x000000000767a000 	/System/Library/Frameworks/NetFS.framework/Versions/A/NetFS
0x000000000767a000 	/usr/lib/system/libkxld.dylib
0x000000000767a000 	/System/Library/PrivateFrameworks/NetAuth.framework/Versions/A/NetAuth
0x000000000767a000 	/System/Library/Frameworks/OpenDirectory.framework/Versions/A/Frameworks/CFOpenDirectory.framework/Versions/A/CFOpenDirectory
0x000000000767a000 	/usr/lib/libxslt.1.dylib
0x000000000767a000 	/System/Library/PrivateFrameworks/FamilyControls.framework/Versions/A/FamilyControls
0x000000000767a000 	/System/Library/Frameworks/Carbon.framework/Versions/A/Frameworks/Ink.framework/Versions/A/Ink
0x000000000767a000 	/System/Library/Frameworks/ApplicationServices.framework/Versions/A/Frameworks/CoreGraphics.framework/Versions/A/CoreGraphics
0x000000000767a000 	/System/Library/Frameworks/ApplicationServices.framework/Versions/A/Frameworks/ATS.framework/Versions/A/ATS
0x000000000767a000 	/System/Library/Frameworks/ApplicationServices.framework/Versions/A/Frameworks/ColorSync.framework/Versions/A/ColorSync
0x000000000767a000 	/System/Library/Frameworks/ApplicationServices.framework/Versions/A/Frameworks/HIServices.framework/Versions/A/HIServices
0x000000000767a000 	/System/Library/Frameworks/ApplicationServices.framework/Versions/A/Frameworks/LangAnalysis.framework/Versions/A/LangAnalysis
0x000000000767a000 	/System/Library/Frameworks/ApplicationServices.framework/Versions/A/Frameworks/PrintCore.framework/Versions/A/PrintCore
0x000000000767a000 	/System/Library/Frameworks/ApplicationServices.framework/Versions/A/Frameworks/QD.framework/Versions/A/QD
0x000000000767a000 	/System/Library/Frameworks/ApplicationServices.framework/Versions/A/Frameworks/SpeechSynthesis.framework/Versions/A/SpeechSynthesis
0x000000000767a000 	/System/Library/Frameworks/IOSurface.framework/Versions/A/IOSurface
0x000000000767a000 	/System/Library/Frameworks/Accelerate.framework/Versions/A/Accelerate
0x000000000767a000 	/System/Library/Frameworks/ApplicationServices.framework/Versions/A/Frameworks/ATS.framework/Versions/A/Resources/libFontParser.dylib
0x000000000767a000 	/System/Library/Frameworks/ApplicationServices.framework/Versions/A/Frameworks/ATS.framework/Versions/A/Resources/libFontRegistry.dylib
0x000000000767a000 	/System/Library/Frameworks/Accelerate.framework/Versions/A/Frameworks/vImage.framework/Versions/A/vImage
0x000000000767a000 	/System/Library/Frameworks/Accelerate.framework/Versions/A/Frameworks/vecLib.framework/Versions/A/vecLib
0x000000000767a000 	/System/Library/Frameworks/Accelerate.framework/Versions/A/Frameworks/vecLib.framework/Versions/A/libvDSP.dylib
0x000000000767a000 	/System/Library/Frameworks/Accelerate.framework/Versions/A/Frameworks/vecLib.framework/Versions/A/libvMisc.dylib
0x000000000767a000 	/System/Library/Frameworks/Accelerate.framework/Versions/A/Frameworks/vecLib.framework/Versions/A/libLAPACK.dylib
0x000000000767a000 	/System/Library/Frameworks/Accelerate.framework/Versions/A/Frameworks/vecLib.framework/Versions/A/libBLAS.dylib
0x000000000767a000 	/System/Library/Frameworks/ImageIO.framework/Versions/A/Resources/libJPEG.dylib
0x000000000767a000 	/System/Library/Frameworks/ImageIO.framework/Versions/A/Resources/libTIFF.dylib
0x000000000767a000 	/System/Library/Frameworks/ImageIO.framework/Versions/A/Resources/libPng.dylib
0x000000000767a000 	/System/Library/Frameworks/ImageIO.framework/Versions/A/Resources/libGIF.dylib
0x000000000767a000 	/System/Library/Frameworks/ImageIO.framework/Versions/A/Resources/libJP2.dylib
0x000000000767a000 	/System/Library/Frameworks/ImageIO.framework/Versions/A/Resources/libRadiance.dylib
0x000000000767a000 	/usr/lib/libcups.2.dylib
0x000000000767a000 	/System/Library/Frameworks/Kerberos.framework/Versions/A/Kerberos
0x000000000767a000 	/System/Library/Frameworks/GSS.framework/Versions/A/GSS
0x000000000767a000 	/usr/lib/libresolv.9.dylib
0x000000000767a000 	/usr/lib/libiconv.2.dylib
0x000000000767a000 	/System/Library/PrivateFrameworks/Heimdal.framework/Versions/A/Heimdal
0x000000000767a000 	/System/Library/PrivateFrameworks/TrustEvaluationAgent.framework/Versions/A/TrustEvaluationAgent
0x000000000767a000 	/System/Library/Frameworks/OpenDirectory.framework/Versions/A/OpenDirectory
0x000000000767a000 	/System/Library/PrivateFrameworks/CommonAuth.framework/Versions/A/CommonAuth
0x000000000767a000 	/System/Library/PrivateFrameworks/Bom.framework/Versions/A/Bom
0x000000000767a000 	/System/Library/Frameworks/CoreVideo.framework/Versions/A/CoreVideo
0x000000000767a000 	/System/Library/Frameworks/QuartzCore.framework/Versions/A/Frameworks/CoreImage.framework/Versions/A/CoreImage
0x000000000767a000 	/System/Library/Frameworks/QuartzCore.framework/Versions/A/Frameworks/ScalableUserInterface.framework/Versions/A/ScalableUserInterface
0x000000000767a000 	/System/Library/Frameworks/OpenGL.framework/Versions/A/Libraries/libGLU.dylib
0x000000000767a000 	/System/Library/Frameworks/OpenGL.framework/Versions/A/Libraries/libGFXShared.dylib
0x000000000767a000 	/System/Library/Frameworks/OpenGL.framework/Versions/A/Libraries/libGL.dylib
0x000000000767a000 	/System/Library/Frameworks/OpenGL.framework/Versions/A/Libraries/libGLImage.dylib
0x000000000767a000 	/System/Library/Frameworks/OpenGL.framework/Versions/A/Libraries/libCVMSPluginSupport.dylib
0x000000000767a000 	/System/Library/Frameworks/OpenGL.framework/Versions/A/Libraries/libCoreVMClient.dylib
0x000000000767a000 	/System/Library/PrivateFrameworks/CrashReporterSupport.framework/Versions/A/CrashReporterSupport
0x000000000767a000 	/System/Library/Frameworks/OpenCL.framework/Versions/A/OpenCL
0x000000000767a000 	/System/Library/PrivateFrameworks/FaceCoreLight.framework/Versions/A/FaceCoreLight
0x000000000767a000 	/System/Library/PrivateFrameworks/AppleFSCompression.framework/Versions/A/AppleFSCompression
0x000000000767a000 	/System/Library/PrivateFrameworks/Ubiquity.framework/Versions/A/Ubiquity
0x000000000767a000 	/System/Library/Frameworks/ServiceManagement.framework/Versions/A/ServiceManagement
0x000000000767a000 	/System/Library/PrivateFrameworks/ChunkingLibrary.framework/Versions/A/ChunkingLibrary
0x000000000767a000 	/System/Library/Frameworks/vecLib.framework/Versions/A/vecLib
0x000000000767a000 	/System/Library/Frameworks/SecurityFoundation.framework/Versions/A/SecurityFoundation
0x000000000767a000 	/System/Library/PrivateFrameworks/CommerceKit.framework/Versions/A/Frameworks/CommerceCore.framework/Versions/A/CommerceCore
0x000000000767a000 	/System/Library/PrivateFrameworks/CoreSymbolication.framework/Versions/A/CoreSymbolication
0x000000000767a000 	/System/Library/PrivateFrameworks/Symbolication.framework/Versions/A/Symbolication
0x000000000767a000 	/System/Library/PrivateFrameworks/DebugSymbols.framework/Versions/A/DebugSymbols
0x00000001066e5000 	/Library/Java/JavaVirtualMachines/jdk1.7.0_12.jdk/Contents/Home/jre/lib/server/libjvm.dylib
0x0000000107375000 	/Library/Java/JavaVirtualMachines/jdk1.7.0_12.jdk/Contents/Home/jre/lib/libverify.dylib
0x0000000107382000 	/Library/Java/JavaVirtualMachines/jdk1.7.0_12.jdk/Contents/Home/jre/lib/libjava.dylib
0x000000010743f000 	/Library/Java/JavaVirtualMachines/jdk1.7.0_12.jdk/Contents/Home/jre/lib/libzip.dylib
0x000000016c76f000 	/System/Library/Frameworks/JavaVM.framework/Frameworks/JavaRuntimeSupport.framework/JavaRuntimeSupport
0x000000016c787000 	/System/Library/Frameworks/JavaVM.framework/Versions/A/Frameworks/JavaNativeFoundation.framework/Versions/A/JavaNativeFoundation
0x000000016c79c000 	/System/Library/Frameworks/JavaVM.framework/Versions/A/JavaVM
0x000000000767a000 	/System/Library/Frameworks/Carbon.framework/Versions/A/Carbon
0x000000016c7a9000 	/System/Library/PrivateFrameworks/JavaLaunching.framework/Versions/A/JavaLaunching
0x000000000767a000 	/System/Library/Frameworks/Carbon.framework/Versions/A/Frameworks/CommonPanels.framework/Versions/A/CommonPanels
0x000000000767a000 	/System/Library/Frameworks/Carbon.framework/Versions/A/Frameworks/Help.framework/Versions/A/Help
0x000000000767a000 	/System/Library/Frameworks/Carbon.framework/Versions/A/Frameworks/ImageCapture.framework/Versions/A/ImageCapture
0x000000000767a000 	/System/Library/Frameworks/Carbon.framework/Versions/A/Frameworks/OpenScripting.framework/Versions/A/OpenScripting
0x000000000767a000 	/System/Library/Frameworks/Carbon.framework/Versions/A/Frameworks/Print.framework/Versions/A/Print
0x000000000767a000 	/System/Library/Frameworks/Carbon.framework/Versions/A/Frameworks/SecurityHI.framework/Versions/A/SecurityHI
0x000000016cfe5000 	/Library/Java/JavaVirtualMachines/jdk1.7.0_12.jdk/Contents/Home/jre/lib/libawt.dylib
0x000000016d094000 	/Library/Java/JavaVirtualMachines/jdk1.7.0_12.jdk/Contents/Home/jre/lib/./libmlib_image.dylib
0x000000016d160000 	/Library/Java/JavaVirtualMachines/jdk1.7.0_12.jdk/Contents/Home/jre/lib/lwawt/liblwawt.dylib
0x000000016d213000 	/Library/Java/JavaVirtualMachines/jdk1.7.0_12.jdk/Contents/Home/jre/lib/libosxapp.dylib
0x000000016d22f000 	/System/Library/Frameworks/ExceptionHandling.framework/Versions/A/ExceptionHandling
0x000000000767a000 	/System/Library/PrivateFrameworks/CoreServicesInternal.framework/Versions/A/CoreServicesInternal
0x000000000767a000 	/System/Library/PrivateFrameworks/Librarian.framework/Versions/A/Librarian
0x000000000767a000 	/System/Library/Frameworks/ApplicationServices.framework/Versions/A/Frameworks/CoreGraphics.framework/Versions/A/Resources/libCSync.A.dylib
0x000000000767a000 	/System/Library/Frameworks/ApplicationServices.framework/Versions/A/Frameworks/CoreGraphics.framework/Versions/A/Resources/libRIP.A.dylib
0x000000000767a000 	/System/Library/Frameworks/ApplicationServices.framework/Versions/A/Frameworks/CoreGraphics.framework/Versions/A/Resources/libCGXType.A.dylib
0x000000016e75c000 	/Library/Java/JavaVirtualMachines/jdk1.7.0_12.jdk/Contents/Home/jre/lib/libfontmanager.dylib
0x0000000170c8d000 	/Users/Glazastik/code/lib/lwjgl/native/macosx/liblwjgl.jnilib
0x000000016f401000 	/Library/Java/JavaVirtualMachines/jdk1.7.0_12.jdk/Contents/Home/jre/lib/libjawt.dylib
0x000000016f404000 	/Library/Java/JavaVirtualMachines/jdk1.7.0_12.jdk/Contents/Home/jre/lib/libnio.dylib
0x000000016f413000 	/Library/Java/JavaVirtualMachines/jdk1.7.0_12.jdk/Contents/Home/jre/lib/./libnet.dylib
0x0000000170d50000 	/System/Library/Frameworks/OpenGL.framework/Resources/GLEngine.bundle/GLEngine
0x0000000170f45000 	/System/Library/Frameworks/OpenGL.framework/Versions/A/Libraries/libGLProgrammability.dylib
0x0000000000000000 	/System/Library/Extensions/GeForceGLDriver.bundle/Contents/MacOS/GeForceGLDriver
0x00000001710ed000 	/System/Library/PrivateFrameworks/GPUSupport.framework/Versions/A/Libraries/libGPUSupport.dylib
0x000000000767a000 	/System/Library/Extensions/GeForceGLDriver.bundle/Contents/MacOS/libclh.dylib
0x0000000171204000 	/System/Library/Frameworks/OpenGL.framework/Resources//GLRendererFloat.bundle/GLRendererFloat
0x0000000171238000 	/System/Library/Frameworks/OpenCL.framework/Versions/A/Libraries/libcldcpuengine.dylib
0x000000000767a000 	/System/Library/PrivateFrameworks/DiskImages.framework/Versions/A/DiskImages
0x000000000767a000 	/System/Library/Frameworks/DiscRecording.framework/Versions/A/DiscRecording
0x000000000767a000 	/usr/lib/libcurl.4.dylib
0x000000000767a000 	/System/Library/PrivateFrameworks/MediaKit.framework/Versions/A/MediaKit
0x000000000767a000 	/usr/lib/libssl.0.9.8.dylib
0x000000000767a000 	/usr/lib/libcrypto.0.9.8.dylib
0x000000000767a000 	/System/Library/Frameworks/LDAP.framework/Versions/A/LDAP
0x000000000767a000 	/usr/lib/libsasl2.2.dylib
0x000000016f431000 	/Users/Glazastik/code/lib/lwjgl/native/macosx/libjinput-osx.jnilib
0x0000000171d01000 	/System/Library/Extensions/IOHIDFamily.kext/Contents/PlugIns/IOHIDLib.plugin/Contents/MacOS/IOHIDLib
0x0000000171ed7000 	/Library/Java/JavaVirtualMachines/jdk1.7.0_12.jdk/Contents/Home/jre/lib/libjpeg.dylib
0x0000000171f0e000 	/Library/Java/JavaVirtualMachines/jdk1.7.0_12.jdk/Contents/Home/jre/lib/libkcms.dylib

VM Arguments:
jvm_args: -Djava.library.path=/Users/Glazastik/code/lib/lwjgl/native/macosx -Dfile.encoding=US-ASCII 
java_command: tda367.dominion.client.main.ClientMain
Launcher Type: SUN_STANDARD

Environment Variables:
PATH=/usr/bin:/bin:/usr/sbin:/sbin
SHELL=/bin/bash

Signal Handlers:
SIGSEGV: [libjvm.dylib+0x4ec6fb], sa_mask[0]=0xfffefeff, sa_flags=0x00000042
SIGBUS: [libjvm.dylib+0x4ec6fb], sa_mask[0]=0xfffefeff, sa_flags=0x00000042
SIGFPE: [libjvm.dylib+0x3e5f50], sa_mask[0]=0xfffefeff, sa_flags=0x00000042
SIGPIPE: [libjvm.dylib+0x3e5f50], sa_mask[0]=0xfffefeff, sa_flags=0x00000042
SIGXFSZ: [libjvm.dylib+0x3e5f50], sa_mask[0]=0xfffefeff, sa_flags=0x00000042
SIGILL: [libjvm.dylib+0x3e5f50], sa_mask[0]=0xfffefeff, sa_flags=0x00000042
SIGUSR1: SIG_DFL, sa_mask[0]=0x00000000, sa_flags=0x00000002
SIGUSR2: [libjvm.dylib+0x3e5aec], sa_mask[0]=0x00000004, sa_flags=0x00000042
SIGHUP: [libjvm.dylib+0x3e3f63], sa_mask[0]=0xfffefeff, sa_flags=0x00000042
SIGINT: [libjvm.dylib+0x3e3f63], sa_mask[0]=0xfffefeff, sa_flags=0x00000042
SIGTERM: [libjvm.dylib+0x3e3f63], sa_mask[0]=0xfffefeff, sa_flags=0x00000042
SIGQUIT: [libjvm.dylib+0x3e3f63], sa_mask[0]=0xfffefeff, sa_flags=0x00000042


---------------  S Y S T E M  ---------------

OS:Bsduname:Darwin 12.3.0 Darwin Kernel Version 12.3.0: Sun Jan  6 22:37:10 PST 2013; root:xnu-2050.22.13~1/RELEASE_X86_64 x86_64
rlimit: STACK 8192k, CORE 0k, NPROC 709, NOFILE 10240, AS infinity
load average:3.80 2.39 2.02

CPU:total 2 (2 cores per cpu, 1 threads per core) family 6 model 23 stepping 10, cmov, cx8, fxsr, mmx, sse, sse2, sse3, ssse3, sse4.1, tsc

Memory: 4k page, physical 5765508k(1441377k free)

/proc/meminfo:


vm_info: Java HotSpot(TM) 64-Bit Server VM (24.0-b28) for bsd-amd64 JRE (1.7.0_12-ea-b08), built on Jan  3 2013 02:13:57 by "java_re" with gcc 4.2.1 (Based on Apple Inc. build 5658) (LLVM build 2336.9.00)

time: Thu May 16 09:33:21 2013
elapsed time: 13 seconds

